{
  "RSpec": {
    "coverage": {
      "/home/elsyser/RSA-crypting/lib/RSA.rb": [
        null,
        null,
        1,
        null,
        1,
        1,
        null,
        2,
        2,
        2,
        null,
        null,
        1,
        null,
        1,
        null,
        null,
        1,
        null,
        1,
        null,
        null,
        1,
        null,
        1,
        null,
        null,
        1,
        null,
        null,
        1,
        1,
        1,
        1,
        1,
        null,
        1,
        1,
        1,
        4,
        4,
        null,
        null,
        1,
        243,
        241,
        null,
        null,
        1,
        null,
        null,
        1,
        null,
        null,
        17,
        null,
        null,
        1,
        null,
        null,
        17,
        null,
        null,
        null
      ],
      "/home/elsyser/RSA-crypting/spec/RSA_spec.rb": [
        1,
        null,
        null,
        1,
        1,
        null,
        1,
        1,
        null,
        1,
        1,
        null,
        1,
        1,
        null,
        null,
        null,
        1,
        1,
        1,
        1,
        null,
        null
      ]
    },
    "timestamp": 1513766177
  }
}
